<?xml version="1.0" encoding="UTF-8"?>
<robot generator="Robot 7.0 (Python 3.12.3 on win32)" generated="2024-06-27T17:23:08.654418" rpa="false" schemaversion="5">
<suite id="s1" name="Teste" source="C:\Users\vinic\OneDrive\Desktop\Robot\teste.robot">
<test id="s1-t1" name="Cenário 1: Acessando site do Robot" line="27">
<kw name="Abrir site">
<kw name="Open Browser" owner="SeleniumLibrary">
<msg time="2024-06-27T17:23:09.045618" level="INFO">Opening browser 'chrome' to base url 'https://automationpratice.com.br/'.</msg>
<arg>https://automationpratice.com.br/</arg>
<arg>chrome</arg>
<doc>Opens a new browser instance to the optional ``url``.</doc>
<status status="PASS" start="2024-06-27T17:23:09.044618" elapsed="14.224583"/>
</kw>
<status status="PASS" start="2024-06-27T17:23:09.044047" elapsed="14.225154"/>
</kw>
<kw name="Aguardar site carregar">
<kw name="Sleep" owner="BuiltIn">
<msg time="2024-06-27T17:23:28.273377" level="INFO">Slept 5 seconds.</msg>
<arg>5s</arg>
<doc>Pauses the test executed for the given time.</doc>
<status status="PASS" start="2024-06-27T17:23:23.272801" elapsed="5.000576"/>
</kw>
<status status="PASS" start="2024-06-27T17:23:23.271803" elapsed="5.001574"/>
</kw>
<kw name="Clicar sobre o botão login">
<kw name="Click Element" owner="SeleniumLibrary">
<msg time="2024-06-27T17:23:28.275443" level="INFO">Clicking element 'xpath://a[@href='/login']'.</msg>
<arg>xpath://a[@href='/login']</arg>
<doc>Click the element identified by ``locator``.</doc>
<status status="PASS" start="2024-06-27T17:23:28.275443" elapsed="0.082794"/>
</kw>
<status status="PASS" start="2024-06-27T17:23:28.274949" elapsed="0.083288"/>
</kw>
<kw name="Aguardar site carregar">
<kw name="Sleep" owner="BuiltIn">
<msg time="2024-06-27T17:23:33.359431" level="INFO">Slept 5 seconds.</msg>
<arg>5s</arg>
<doc>Pauses the test executed for the given time.</doc>
<status status="PASS" start="2024-06-27T17:23:28.358986" elapsed="5.000445"/>
</kw>
<status status="PASS" start="2024-06-27T17:23:28.358986" elapsed="5.000445"/>
</kw>
<kw name="Digitar Email">
<kw name="Input Text" owner="SeleniumLibrary">
<msg time="2024-06-27T17:23:33.361192" level="INFO">Typing text 'qazando@teste.com' into text field 'id:user'.</msg>
<arg>id:user</arg>
<arg>qazando@teste.com</arg>
<doc>Types the given ``text`` into the text field identified by ``locator``.</doc>
<status status="PASS" start="2024-06-27T17:23:33.361192" elapsed="0.145679"/>
</kw>
<status status="PASS" start="2024-06-27T17:23:33.361192" elapsed="0.145679"/>
</kw>
<kw name="Digitar Senha">
<kw name="Input Text" owner="SeleniumLibrary">
<msg time="2024-06-27T17:23:33.508030" level="INFO">Typing text '123456' into text field 'id:password'.</msg>
<arg>id:password</arg>
<arg>123456</arg>
<doc>Types the given ``text`` into the text field identified by ``locator``.</doc>
<status status="PASS" start="2024-06-27T17:23:33.508030" elapsed="0.090989"/>
</kw>
<status status="PASS" start="2024-06-27T17:23:33.508030" elapsed="0.090989"/>
</kw>
<kw name="Aguardar site carregar">
<kw name="Sleep" owner="BuiltIn">
<msg time="2024-06-27T17:23:38.601938" level="INFO">Slept 5 seconds.</msg>
<arg>5s</arg>
<doc>Pauses the test executed for the given time.</doc>
<status status="PASS" start="2024-06-27T17:23:33.601377" elapsed="5.000561"/>
</kw>
<status status="PASS" start="2024-06-27T17:23:33.600317" elapsed="5.001621"/>
</kw>
<kw name="Clicar em Logar">
<kw name="Click Element" owner="SeleniumLibrary">
<msg time="2024-06-27T17:23:38.604772" level="INFO">Clicking element 'id:btnLogin'.</msg>
<arg>id:btnLogin</arg>
<doc>Click the element identified by ``locator``.</doc>
<status status="PASS" start="2024-06-27T17:23:38.601938" elapsed="0.156183"/>
</kw>
<status status="PASS" start="2024-06-27T17:23:38.601938" elapsed="0.156183"/>
</kw>
<kw name="Aguardar site carregar">
<kw name="Sleep" owner="BuiltIn">
<msg time="2024-06-27T17:23:43.763754" level="INFO">Slept 5 seconds.</msg>
<arg>5s</arg>
<doc>Pauses the test executed for the given time.</doc>
<status status="PASS" start="2024-06-27T17:23:38.762628" elapsed="5.001126"/>
</kw>
<status status="PASS" start="2024-06-27T17:23:38.762449" elapsed="5.001305"/>
</kw>
<status status="PASS" start="2024-06-27T17:23:09.043434" elapsed="34.720320"/>
</test>
<status status="PASS" start="2024-06-27T17:23:08.656417" elapsed="35.107337"/>
</suite>
<statistics>
<total>
<stat pass="1" fail="0" skip="0">All Tests</stat>
</total>
<tag>
</tag>
<suite>
<stat pass="1" fail="0" skip="0" id="s1" name="Teste">Teste</stat>
</suite>
</statistics>
<errors>
</errors>
</robot>
